INPUT  ch5_B 	 location (5, 0, 0) 	 46 	 
OUTPUT PWM6 	 location (9, 21, 1) 	 36 	 
INPUT  ch3_A 	 location (15, 0, 0) 	 9 	 
INPUT  ch0_B 	 location (7, 0, 1) 	 45 	 
OUTPUT PWM1 	 location (8, 21, 0) 	 42 	 
INPUT  ch4_B 	 location (7, 0, 0) 	 48 	 
INPUT  RST 	 location (13, 21, 0) 	 37 	 
OUTPUT PWM0 	 location (9, 21, 0) 	 43 	 
INPUT  MOSI 	 location (18, 0, 1) 	 21 	 
INPUT  ch7_B 	 location (19, 21, 0) 	 23 	 
OUTPUT PWM3 	 location (18, 21, 1) 	 27 	 
INPUT  ch2_B 	 location (16, 0, 0) 	 10 	 
INPUT  SSEL 	 location (13, 0, 1) 	 6 	 
OUTPUT PWM2 	 location (19, 21, 1) 	 25 	 
OUTPUT MISO 	 location (21, 0, 1) 	 19 	 
INPUT  ch6_B 	 location (17, 21, 0) 	 28 	 
INPUT  ch2_A 	 location (17, 0, 0) 	 11 	 
OUTPUT PWM5 	 location (13, 21, 1) 	 34 	 
INPUT  ch7_A 	 location (18, 21, 0) 	 26 	 
INPUT  ch6_A 	 location (16, 21, 0) 	 32 	 
INPUT  ch3_B 	 location (9, 0, 0) 	 4 	 
INPUT  ch1_A 	 location (19, 0, 0) 	 13 	 
INPUT  ch0_A 	 location (9, 0, 1) 	 3 	 
INPUT  SCK 	 location (22, 0, 1) 	 18 	 
OUTPUT PWM4 	 location (16, 21, 1) 	 31 	 
INPUT  CLK 	 location (12, 21, 1) 	 35 	 
INPUT  ch5_A 	 location (6, 0, 0) 	 47 	 
INPUT  ch4_A 	 location (8, 0, 0) 	 2 	 
INPUT  ch1_B 	 location (18, 0, 0) 	 12 	 
OUTPUT PWM7 	 location (8, 21, 1) 	 38 	 
