Running in Lattice mode


Starting:    C:\lscc\iCEcube2.2017.08\synpbase\bin64\mbin\synbatch.exe
Install:     C:\lscc\iCEcube2.2017.08\synpbase
Hostname:    DESKTOP-3G2HVL7
Date:        Wed Sep 16 17:29:10 2020
Version:     L-2016.09L+ice40

Arguments:   -product synplify_pro -batch FPGAMOTOR_syn.prj
ProductType: synplify_pro





log file: "C:\lscc\iCEcube2.2017.08\FPGAMOTOR\FPGAMOTOR\FPGAMOTOR_Implmnt\FPGAMOTOR.srr"
Running: FPGAMOTOR_Implmnt in foreground

Running FPGAMOTOR_syn|FPGAMOTOR_Implmnt

Running: compile (Compile) on FPGAMOTOR_syn|FPGAMOTOR_Implmnt
# Wed Sep 16 17:29:10 2020

Running: compile_flow (Compile Process) on FPGAMOTOR_syn|FPGAMOTOR_Implmnt
# Wed Sep 16 17:29:10 2020

Running: compiler (Compile Input) on FPGAMOTOR_syn|FPGAMOTOR_Implmnt
# Wed Sep 16 17:29:10 2020
Copied C:\lscc\iCEcube2.2017.08\FPGAMOTOR\FPGAMOTOR\FPGAMOTOR_Implmnt\synwork\FPGAMOTOR_comp.srs to C:\lscc\iCEcube2.2017.08\FPGAMOTOR\FPGAMOTOR\FPGAMOTOR_Implmnt\FPGAMOTOR.srs

compiler completed
# Wed Sep 16 17:29:11 2020

Return Code: 0
Run Time:00h:00m:01s

Running: multi_srs_gen (Multi-srs Generator) on FPGAMOTOR_syn|FPGAMOTOR_Implmnt
# Wed Sep 16 17:29:11 2020

multi_srs_gen completed
# Wed Sep 16 17:29:12 2020

Return Code: 0
Run Time:00h:00m:01s
Copied C:\lscc\iCEcube2.2017.08\FPGAMOTOR\FPGAMOTOR\FPGAMOTOR_Implmnt\synwork\FPGAMOTOR_mult.srs to C:\lscc\iCEcube2.2017.08\FPGAMOTOR\FPGAMOTOR\FPGAMOTOR_Implmnt\FPGAMOTOR.srs
Complete: Compile Process on FPGAMOTOR_syn|FPGAMOTOR_Implmnt

Running: premap (Pre-mapping) on FPGAMOTOR_syn|FPGAMOTOR_Implmnt
# Wed Sep 16 17:29:12 2020

premap completed with warnings
# Wed Sep 16 17:29:13 2020

Return Code: 1
Run Time:00h:00m:01s
Complete: Compile on FPGAMOTOR_syn|FPGAMOTOR_Implmnt

Running: map (Map) on FPGAMOTOR_syn|FPGAMOTOR_Implmnt
# Wed Sep 16 17:29:13 2020
License granted for 4 parallel jobs

Running: fpga_mapper (Map & Optimize) on FPGAMOTOR_syn|FPGAMOTOR_Implmnt
# Wed Sep 16 17:29:13 2020
Copied C:\lscc\iCEcube2.2017.08\FPGAMOTOR\FPGAMOTOR\FPGAMOTOR_Implmnt\synwork\FPGAMOTOR_m.srm to C:\lscc\iCEcube2.2017.08\FPGAMOTOR\FPGAMOTOR\FPGAMOTOR_Implmnt\FPGAMOTOR.srm

fpga_mapper completed with warnings
# Wed Sep 16 17:29:19 2020

Return Code: 1
Run Time:00h:00m:06s
Complete: Map on FPGAMOTOR_syn|FPGAMOTOR_Implmnt
Complete: Logic Synthesis on FPGAMOTOR_syn|FPGAMOTOR_Implmnt

exit status=0

exit status=0

