---------------------------------------
Resource Usage Report for SPI 

Mapping to part: ice5lp1ksg48
Cell usage:
GND             16 uses
SB_CARRY        312 uses
SB_DFF          86 uses
SB_DFFE         16 uses
SB_DFFESR       164 uses
SB_DFFESS       10 uses
SB_DFFSR        288 uses
SB_GB           5 uses
VCC             16 uses
SB_LUT4         823 uses

I/O ports: 30
I/O primitives: 30
SB_IO          30 uses

I/O Register bits:                  0
Register bits not including I/Os:   564 (56%)

@S |Mapping Summary:
Total  LUTs: 823 (82%)

Distribution of All Consumed LUTs = LUT4 
Distribution of All Consumed Luts 823 = 823 

